<?xml version="1.0" encoding="UTF-8"?>
<!-- Generated by org.testng.reporters.JUnitReportReporter -->
<testsuite hostname="DESKTOP-JT7PF15" failures="0" tests="2" name="SimpleLogin" time="27.687" errors="0" timestamp="2024-02-02T15:57:39 IST" skipped="0">
  <testcase classname="SimpleLogin" name="forgettonPassword" time="13.577"/>
  <testcase classname="SimpleLogin" name="loginFb" time="14.110"/>
</testsuite> <!-- SimpleLogin -->
