<?xml version="1.0" encoding="UTF-8"?>
<!-- Generated by org.testng.reporters.JUnitReportReporter -->
<testsuite hostname="DESKTOP-JT7PF15" failures="0" tests="1" name="EditClass" time="0.050" errors="0" timestamp="2024-02-06T22:23:56 IST" skipped="0">
  <testcase classname="EditClass" name="edited" time="0.050"/>
</testsuite> <!-- EditClass -->
