<?xml version="1.0" encoding="UTF-8"?>
<!-- Generated by org.testng.reporters.JUnitReportReporter -->
<testsuite hostname="DESKTOP-JT7PF15" failures="0" tests="2" name="SimpleLogin" time="45.056" errors="0" timestamp="2024-02-04T17:02:27 IST" skipped="0">
  <testcase classname="SimpleLogin" name="loginFb" time="12.076"/>
  <testcase classname="SimpleLogin" name="forgettonPassword" time="32.980"/>
</testsuite> <!-- SimpleLogin -->
